
ROM used:   1965/8192 (24%)
            1965/8192 (24%) including unused fragments

            1.1 Average locations per line
            4.7 Average locations per statement

RAM used:   23/368 (6%) at main() level
            55/368 (15%) worst case

Stack used: 6 worst case (6 in main + 0 for interrupts)
Stack size: 8

Lines Stmts  %   Files
----- ----- ---  -----
  181   113  27  PIC_COM_RC522.c
  671     0   0  ..\..\..\..\..\Program Files (x86)\PICC\Devices\16F877a.h
  211    77  18  i2c_Flex_LCD.c
  696   227  54  Built_in.h
----- -----
 1759   417 Total

Page ROM  %  RAM   Vol Diff  Functions:
---- --- --- ---   --- ----  ----------
0     20   1    1             @delay_ms1
0     92   5    1             @I2C_WRITE_1
0     10   1    1    63  2.3  lcd_backlight_led
0     84   4    3   574  5.9  i2c_send_nibble
0     82   4    3   149  2.8  lcd_send_byte
0     10   1    0    61  1.9  lcd_clear
0      8   0    0   418  3.3  @const649
0    128   7    5   902  5.8  lcd_init
0     55   3    7   681  8.0  lcd_gotoxy
0     37   2    1   421  1.2  LCD_PUTC
0     81   4    5   840  7.7  MFRC522_Rd
0     81   4    5   808  6.2  MFRC522_Wr
0     16   1    4   127  3.3  MFRC522_Clear_Bit
0     15   1    4   120  2.8  MFRC522_Set_Bit
 Inline         0   197  1.8  MFRC522_Reset
 Inline         1    72  2.0  MFRC522_AntennaOn
 Inline         0    25  1.2  MFRC522_AntennaOff
0     92   5    0   298  1.9  MFRC522_Init
0    218  11   17  2288 15.8  MFRC522_ToCard
 Inline         7   319  6.0  MFRC522_Request
 Inline         9   568  8.2  MFRC522_CRC
 Inline         5   302  3.3  MFRC522_Halt
 Inline         8   581  8.2  MFRC522_AntiColl
 Inline         3    89  3.6  MFRC522_isCard
 Inline         5   149  4.7  MFRC522_ReadCardSerial
0     47   2    2   285  2.8  coi_keu
0    358  18    1   259  4.4  quet_the
 Inline         2             @PRINTF_X_9600_62_63
0     51   3    1   418  3.3  doc_data_uart
0    282  14    1  2199  4.4  MAIN
0      9   0    0             @const777
0     86   4    4             @PSTRINGC7_660
0      9   0    0             @const779
0      9   0    0             @const780
0      9   0    0             @const781
0      9   0    0             @const782
0      9   0    0             @const783
0      9   0    0             @const784
0      9   0    0             @const785
0      9   0    0             @const786
0      9   0    0             @const787
0      9   0    0             @const788
0      9   0    0             @const789
 Inline         0             @cinit1

Program metrics:
    Functions               27
    Statements              417
    Comments                387
    Volume (V)              22672
    Difficulty (D)          117.0
    Effort to implement (E) 2652971
    Time to implement (T)   40 hours, 56 minutes
    Est Delivered Bugs (B)  6
    Cyclomatic Complexity   67
    Maintainability (MI)    71

 Segment     Used  Free
-----------  ----  ----
00000-00003     4  0  
00004-007FF  1961  83  
00800-00FFF     0  2048  
01000-017FF     0  2048  
01800-01FFF     0  2048  



